Using pre-set license
Built from '2020.3/staging' branch; Version is '2020.3.3f1 (76626098c1c4) revision 7758432'; Using compiler version '192528614'; Build Type 'Release'
OS: 'Windows 10 Pro; OS build 19041.804; Version 2004; 64bit' Language: 'en' Physical Memory: 24518 MB
BatchMode: 1, IsHumanControllingUs: 0, StartBugReporterOnCrash: 0, Is64bit: 1, IsPro: 0

 COMMAND LINE ARGUMENTS:
C:\Program Files\Unity\Hub\Editor\2020.3.3f1\Editor\Unity.exe
-adb2
-batchMode
-noUpm
-name
AssetImportWorker0
-projectPath
E:/Productivity is for wimps/Low Effort Jam 9 - Thing Clicker
-logFile
Logs/AssetImportWorker0.log
-srvPort
9078
Successfully changed project path to: E:/Productivity is for wimps/Low Effort Jam 9 - Thing Clicker
E:/Productivity is for wimps/Low Effort Jam 9 - Thing Clicker
Using Asset Import Pipeline V2.
Refreshing native plugins compatible for Editor in 47.89 ms, found 1 plugins.
Preloading 0 native plugins for Editor in 0.00 ms.
Initialize engine version: 2020.3.3f1 (76626098c1c4)
[Subsystems] Discovering subsystems at path C:/Program Files/Unity/Hub/Editor/2020.3.3f1/Editor/Data/Resources/UnitySubsystems
[Subsystems] Discovering subsystems at path E:/Productivity is for wimps/Low Effort Jam 9 - Thing Clicker/Assets
GfxDevice: creating device client; threaded=0
Direct3D:
    Version:  Direct3D 11.0 [level 11.1]
    Renderer: Radeon RX 580 Series (ID=0x67df)
    Vendor:   
    VRAM:     8171 MB
    Driver:   27.20.14535.3005
Initialize mono
Mono path[0] = 'C:/Program Files/Unity/Hub/Editor/2020.3.3f1/Editor/Data/Managed'
Mono path[1] = 'C:/Program Files/Unity/Hub/Editor/2020.3.3f1/Editor/Data/MonoBleedingEdge/lib/mono/unityjit'
Mono config path = 'C:/Program Files/Unity/Hub/Editor/2020.3.3f1/Editor/Data/MonoBleedingEdge/etc'
Using monoOptions --debugger-agent=transport=dt_socket,embedding=1,server=y,suspend=n,address=127.0.0.1:56620
Begin MonoManager ReloadAssembly
Registering precompiled unity dll's ...
Register platform support module: C:/Program Files/Unity/Hub/Editor/2020.3.3f1/Editor/Data/PlaybackEngines/MacStandaloneSupport/UnityEditor.OSXStandalone.Extensions.dll
Register platform support module: C:/Program Files/Unity/Hub/Editor/2020.3.3f1/Editor/Data/PlaybackEngines/WindowsStandaloneSupport/UnityEditor.WindowsStandalone.Extensions.dll
Registered in 0.003176 seconds.
Native extension for WindowsStandalone target not found
Native extension for OSXStandalone target not found
Refreshing native plugins compatible for Editor in 41.70 ms, found 1 plugins.
Preloading 0 native plugins for Editor in 0.00 ms.
Invoked RoslynAnalysisRunner static constructor.
RoslynAnalysisRunner will not be running.
RoslynAnalysisRunner has terminated.
Mono: successfully reloaded assembly
- Completed reload, in  1.119 seconds
Platform modules already initialized, skipping
Registering precompiled user dll's ...
Registered in 0.001511 seconds.
Begin MonoManager ReloadAssembly
Native extension for WindowsStandalone target not found
Native extension for OSXStandalone target not found
Refreshing native plugins compatible for Editor in 40.76 ms, found 1 plugins.
Preloading 0 native plugins for Editor in 0.00 ms.
Invoked RoslynAnalysisRunner static constructor.
RoslynAnalysisRunner will not be running.
RoslynAnalysisRunner has terminated.
Mono: successfully reloaded assembly
- Completed reload, in  1.064 seconds
Platform modules already initialized, skipping
========================================================================
Worker process is ready to serve import requests
Launched and connected shader compiler UnityShaderCompiler.exe after 0.04 seconds
Refreshing native plugins compatible for Editor in 0.33 ms, found 1 plugins.
Preloading 0 native plugins for Editor in 0.00 ms.
Unloading 1824 Unused Serialized files (Serialized files now loaded: 0)
System memory in use before: 87.1 MB.
System memory in use after: 87.2 MB.

Unloading 19 unused Assets to reduce memory usage. Loaded Objects now: 2272.
Total: 2.462400 ms (FindLiveObjects: 0.345900 ms CreateObjectMapping: 0.211700 ms MarkObjects: 1.835800 ms  DeleteObjects: 0.067400 ms)

========================================================================
Received Import Request.
  path: Assets/SFX Thing Clicker/ResearchThing.wav
  artifactKey: Guid(50233daf91d5eda40a787c93cfe8b59e) Importer(815301076,1909f56bfc062723c751e8b465ee728b)
Start importing Assets/SFX Thing Clicker/ResearchThing.wav using Guid(50233daf91d5eda40a787c93cfe8b59e) Importer(815301076,1909f56bfc062723c751e8b465ee728b)  -> (artifact id: 'f9415655235e0bb2dcaa64038958b502') in 0.117011 seconds
  Import took 0.120316 seconds .

========================================================================
Received Import Request.
  Time since last request: 0.000210 seconds.
  path: Assets/SFX Thing Clicker/ThingKaYouForPlayinMaGaem.wav
  artifactKey: Guid(c8e7b114571beff438ee33ef16955806) Importer(815301076,1909f56bfc062723c751e8b465ee728b)
Start importing Assets/SFX Thing Clicker/ThingKaYouForPlayinMaGaem.wav using Guid(c8e7b114571beff438ee33ef16955806) Importer(815301076,1909f56bfc062723c751e8b465ee728b)  -> (artifact id: '624b7d754f2316fbf43977461020218d') in 0.021756 seconds
  Import took 0.025024 seconds .

========================================================================
Received Import Request.
  Time since last request: 0.000198 seconds.
  path: Assets/SFX Thing Clicker/ThingThingThingThingThing.wav
  artifactKey: Guid(9b8eeeed357d6f749834e9d64a4f0d3b) Importer(815301076,1909f56bfc062723c751e8b465ee728b)
Start importing Assets/SFX Thing Clicker/ThingThingThingThingThing.wav using Guid(9b8eeeed357d6f749834e9d64a4f0d3b) Importer(815301076,1909f56bfc062723c751e8b465ee728b)  -> (artifact id: '4c93a82c54cffff8d60dcbc24f3cd923') in 0.024391 seconds
  Import took 0.027635 seconds .

========================================================================
Received Import Request.
  Time since last request: 0.000170 seconds.
  path: Assets/SFX Thing Clicker/FindThing.wav
  artifactKey: Guid(f41a2329f344e3745923b808a13ccd6f) Importer(815301076,1909f56bfc062723c751e8b465ee728b)
Start importing Assets/SFX Thing Clicker/FindThing.wav using Guid(f41a2329f344e3745923b808a13ccd6f) Importer(815301076,1909f56bfc062723c751e8b465ee728b)  -> (artifact id: '5c964b1f35fce72178791ac7da43a2c2') in 0.017880 seconds
  Import took 0.021590 seconds .

========================================================================
Received Import Request.
  Time since last request: 0.000207 seconds.
  path: Assets/SFX Thing Clicker/PutThingInOtherThings.wav
  artifactKey: Guid(95b755c627e216842b518175e02bb18a) Importer(815301076,1909f56bfc062723c751e8b465ee728b)
Start importing Assets/SFX Thing Clicker/PutThingInOtherThings.wav using Guid(95b755c627e216842b518175e02bb18a) Importer(815301076,1909f56bfc062723c751e8b465ee728b)  -> (artifact id: 'b5dd76391c1e38656ff6dae7a49463ad') in 0.015896 seconds
  Import took 0.019157 seconds .

========================================================================
Received Import Request.
  Time since last request: 0.000261 seconds.
  path: Assets/SFX Thing Clicker/Exit.wav
  artifactKey: Guid(6bebe1d480d70a54cb7cb0faf9104b3e) Importer(815301076,1909f56bfc062723c751e8b465ee728b)
Start importing Assets/SFX Thing Clicker/Exit.wav using Guid(6bebe1d480d70a54cb7cb0faf9104b3e) Importer(815301076,1909f56bfc062723c751e8b465ee728b)  -> (artifact id: 'c8dfa92ce04d5f1a94fb202c3a3b75a9') in 0.017174 seconds
  Import took 0.020831 seconds .

========================================================================
Received Import Request.
  Time since last request: 0.000152 seconds.
  path: Assets/SFX Thing Clicker/MainMenuButton.wav
  artifactKey: Guid(eeca5b1318e59dc4b81d635ce9e23d1f) Importer(815301076,1909f56bfc062723c751e8b465ee728b)
Start importing Assets/SFX Thing Clicker/MainMenuButton.wav using Guid(eeca5b1318e59dc4b81d635ce9e23d1f) Importer(815301076,1909f56bfc062723c751e8b465ee728b)  -> (artifact id: 'd3d72b0e442cc38346158ca0ccf56dee') in 0.016914 seconds
  Import took 0.020118 seconds .

========================================================================
Received Prepare
Registering precompiled user dll's ...
Registered in 0.001045 seconds.
Begin MonoManager ReloadAssembly
Native extension for WindowsStandalone target not found
Native extension for OSXStandalone target not found
Refreshing native plugins compatible for Editor in 0.40 ms, found 1 plugins.
Preloading 0 native plugins for Editor in 0.00 ms.
Invoked RoslynAnalysisRunner static constructor.
RoslynAnalysisRunner will not be running.
RoslynAnalysisRunner has terminated.
Mono: successfully reloaded assembly
- Completed reload, in  1.220 seconds
Platform modules already initialized, skipping
Refreshing native plugins compatible for Editor in 0.38 ms, found 1 plugins.
Preloading 0 native plugins for Editor in 0.00 ms.
Unloading 1802 Unused Serialized files (Serialized files now loaded: 0)
System memory in use before: 88.5 MB.
System memory in use after: 88.6 MB.

Unloading 8 unused Assets to reduce memory usage. Loaded Objects now: 2284.
Total: 1.938600 ms (FindLiveObjects: 0.227300 ms CreateObjectMapping: 0.084700 ms MarkObjects: 1.609000 ms  DeleteObjects: 0.016200 ms)

========================================================================
Received Prepare
Refreshing native plugins compatible for Editor in 2.43 ms, found 1 plugins.
Preloading 0 native plugins for Editor in 0.00 ms.
Unloading 6 Unused Serialized files (Serialized files now loaded: 0)
System memory in use before: 53.0 MB.
System memory in use after: 53.1 MB.

Unloading 5 unused Assets to reduce memory usage. Loaded Objects now: 2284.
Total: 7.807700 ms (FindLiveObjects: 0.189200 ms CreateObjectMapping: 0.067900 ms MarkObjects: 7.530800 ms  DeleteObjects: 0.017500 ms)

========================================================================
Received Prepare
Registering precompiled user dll's ...
Registered in 0.000970 seconds.
Begin MonoManager ReloadAssembly
Native extension for WindowsStandalone target not found
Native extension for OSXStandalone target not found
Refreshing native plugins compatible for Editor in 0.34 ms, found 1 plugins.
Preloading 0 native plugins for Editor in 0.00 ms.
Invoked RoslynAnalysisRunner static constructor.
RoslynAnalysisRunner will not be running.
RoslynAnalysisRunner has terminated.
Mono: successfully reloaded assembly
- Completed reload, in  0.962 seconds
Platform modules already initialized, skipping
Refreshing native plugins compatible for Editor in 0.43 ms, found 1 plugins.
Preloading 0 native plugins for Editor in 0.00 ms.
Unloading 1802 Unused Serialized files (Serialized files now loaded: 0)
System memory in use before: 88.6 MB.
System memory in use after: 88.7 MB.

Unloading 8 unused Assets to reduce memory usage. Loaded Objects now: 2287.
Total: 1.898300 ms (FindLiveObjects: 0.180700 ms CreateObjectMapping: 0.091100 ms MarkObjects: 1.610100 ms  DeleteObjects: 0.015100 ms)

========================================================================
Received Prepare
Refreshing native plugins compatible for Editor in 1.83 ms, found 1 plugins.
Preloading 0 native plugins for Editor in 0.00 ms.
Unloading 6 Unused Serialized files (Serialized files now loaded: 0)
System memory in use before: 53.0 MB.
System memory in use after: 53.2 MB.

Unloading 5 unused Assets to reduce memory usage. Loaded Objects now: 2287.
Total: 3.585800 ms (FindLiveObjects: 0.310200 ms CreateObjectMapping: 0.096500 ms MarkObjects: 3.157600 ms  DeleteObjects: 0.019000 ms)

========================================================================
Received Prepare
Registering precompiled user dll's ...
Registered in 0.001350 seconds.
Begin MonoManager ReloadAssembly
Native extension for WindowsStandalone target not found
Native extension for OSXStandalone target not found
Refreshing native plugins compatible for Editor in 0.47 ms, found 1 plugins.
Preloading 0 native plugins for Editor in 0.00 ms.
Invoked RoslynAnalysisRunner static constructor.
RoslynAnalysisRunner will not be running.
RoslynAnalysisRunner has terminated.
Mono: successfully reloaded assembly
- Completed reload, in  1.275 seconds
Platform modules already initialized, skipping
Refreshing native plugins compatible for Editor in 0.35 ms, found 1 plugins.
Preloading 0 native plugins for Editor in 0.00 ms.
Unloading 1802 Unused Serialized files (Serialized files now loaded: 0)
System memory in use before: 88.6 MB.
System memory in use after: 88.7 MB.

Unloading 8 unused Assets to reduce memory usage. Loaded Objects now: 2290.
Total: 2.216600 ms (FindLiveObjects: 0.315900 ms CreateObjectMapping: 0.144100 ms MarkObjects: 1.738500 ms  DeleteObjects: 0.016900 ms)

========================================================================
Received Prepare
Refreshing native plugins compatible for Editor in 1.61 ms, found 1 plugins.
Preloading 0 native plugins for Editor in 0.00 ms.
Unloading 6 Unused Serialized files (Serialized files now loaded: 0)
System memory in use before: 53.1 MB.
System memory in use after: 53.2 MB.

Unloading 5 unused Assets to reduce memory usage. Loaded Objects now: 2290.
Total: 2.253000 ms (FindLiveObjects: 0.247200 ms CreateObjectMapping: 0.135800 ms MarkObjects: 1.842800 ms  DeleteObjects: 0.025700 ms)

========================================================================
Received Prepare
Refreshing native plugins compatible for Editor in 1.86 ms, found 1 plugins.
Preloading 0 native plugins for Editor in 0.00 ms.
Unloading 6 Unused Serialized files (Serialized files now loaded: 0)
System memory in use before: 53.1 MB.
System memory in use after: 53.2 MB.

Unloading 5 unused Assets to reduce memory usage. Loaded Objects now: 2290.
Total: 2.076400 ms (FindLiveObjects: 0.242100 ms CreateObjectMapping: 0.087700 ms MarkObjects: 1.723100 ms  DeleteObjects: 0.016300 ms)

========================================================================
Received Prepare
Refreshing native plugins compatible for Editor in 2.61 ms, found 1 plugins.
Preloading 0 native plugins for Editor in 0.00 ms.
Unloading 6 Unused Serialized files (Serialized files now loaded: 0)
System memory in use before: 53.1 MB.
System memory in use after: 53.2 MB.

Unloading 5 unused Assets to reduce memory usage. Loaded Objects now: 2290.
Total: 1.982900 ms (FindLiveObjects: 0.180000 ms CreateObjectMapping: 0.106500 ms MarkObjects: 1.679900 ms  DeleteObjects: 0.015100 ms)

========================================================================
Received Prepare
Registering precompiled user dll's ...
Registered in 0.001101 seconds.
Begin MonoManager ReloadAssembly
Native extension for WindowsStandalone target not found
Native extension for OSXStandalone target not found
Refreshing native plugins compatible for Editor in 0.53 ms, found 1 plugins.
Preloading 0 native plugins for Editor in 0.00 ms.
Invoked RoslynAnalysisRunner static constructor.
RoslynAnalysisRunner will not be running.
RoslynAnalysisRunner has terminated.
Mono: successfully reloaded assembly
- Completed reload, in  1.239 seconds
Platform modules already initialized, skipping
Refreshing native plugins compatible for Editor in 0.36 ms, found 1 plugins.
Preloading 0 native plugins for Editor in 0.00 ms.
Unloading 1802 Unused Serialized files (Serialized files now loaded: 0)
System memory in use before: 88.6 MB.
System memory in use after: 88.7 MB.

Unloading 8 unused Assets to reduce memory usage. Loaded Objects now: 2293.
Total: 2.094700 ms (FindLiveObjects: 0.219000 ms CreateObjectMapping: 0.074500 ms MarkObjects: 1.782600 ms  DeleteObjects: 0.017200 ms)

========================================================================
Received Prepare
Refreshing native plugins compatible for Editor in 1.59 ms, found 1 plugins.
Preloading 0 native plugins for Editor in 0.00 ms.
Unloading 6 Unused Serialized files (Serialized files now loaded: 0)
System memory in use before: 53.1 MB.
System memory in use after: 53.2 MB.

Unloading 5 unused Assets to reduce memory usage. Loaded Objects now: 2293.
Total: 1.660200 ms (FindLiveObjects: 0.176100 ms CreateObjectMapping: 0.066700 ms MarkObjects: 1.390200 ms  DeleteObjects: 0.025500 ms)

AssetImportWorkerClient::OnTransportError - code=2 error=End of file
